0 info it worked if it ends with ok
1 verbose cli [ 'C:\\Program Files\\nodejs\\node.exe',
1 verbose cli   'C:\\Program Files\\nodejs\\node_modules\\npm\\bin\\npm-cli.js',
1 verbose cli   'run',
1 verbose cli   'dev' ]
2 info using npm@3.10.10
3 info using node@v6.11.0
4 verbose run-script [ 'predev', 'dev', 'postdev' ]
5 info lifecycle volatility-standouts@1.0.0~predev: volatility-standouts@1.0.0
6 silly lifecycle volatility-standouts@1.0.0~predev: no script for predev, continuing
7 info lifecycle volatility-standouts@1.0.0~dev: volatility-standouts@1.0.0
8 verbose lifecycle volatility-standouts@1.0.0~dev: unsafe-perm in lifecycle true
9 verbose lifecycle volatility-standouts@1.0.0~dev: PATH: C:\Program Files\nodejs\node_modules\npm\bin\node-gyp-bin;H:\Documents\projects\volatility-standouts\node_modules\.bin;C:\Users\chfe\AppData\Roaming\npm;C:\Program Files\nodejs\;C:\ProgramData\Oracle\Java\javapath;C:\WINDOWS\system32;C:\WINDOWS;C:\WINDOWS\System32\Wbem;C:\WINDOWS\System32\WindowsPowerShell\v1.0\;C:\WINDOWS\_ScriptingFramework\Modul;C:\Program Files (x86)\OpenText\Viewer\bin;C:\WINDOWS\idmu\common;C:\Program Files (x86)\Common Files\Siemens\ace\bin;C:\Program Files (x86)\Common Files\Siemens\bin;C:\Program Files (x86)\Enterprise Vault\EVClient\;C:\Program Files\nodejs\;C:\Program Files\PuTTY\;C:\Program Files (x86)\Yarn\bin;C:\Users\chfe\AppData\Local\atom\bin;C:\Users\chfe\AppData\Roaming\npm;C:\Users\chfe\AppData\Local\GitHubDesktop\bin;C:\Users\chfe\AppData\Local\Programs\Git\cmd;C:\Users\chfe\AppData\Local\Yarn\bin
10 verbose lifecycle volatility-standouts@1.0.0~dev: CWD: H:\Documents\projects\volatility-standouts
11 silly lifecycle volatility-standouts@1.0.0~dev: Args: [ '/d /s /c', 'NODE_ENV=development node index.js' ]
12 silly lifecycle volatility-standouts@1.0.0~dev: Returned: code: 1  signal: null
13 info lifecycle volatility-standouts@1.0.0~dev: Failed to exec dev script
14 verbose stack Error: volatility-standouts@1.0.0 dev: `NODE_ENV=development node index.js`
14 verbose stack Exit status 1
14 verbose stack     at EventEmitter.<anonymous> (C:\Program Files\nodejs\node_modules\npm\lib\utils\lifecycle.js:255:16)
14 verbose stack     at emitTwo (events.js:106:13)
14 verbose stack     at EventEmitter.emit (events.js:191:7)
14 verbose stack     at ChildProcess.<anonymous> (C:\Program Files\nodejs\node_modules\npm\lib\utils\spawn.js:40:14)
14 verbose stack     at emitTwo (events.js:106:13)
14 verbose stack     at ChildProcess.emit (events.js:191:7)
14 verbose stack     at maybeClose (internal/child_process.js:891:16)
14 verbose stack     at Process.ChildProcess._handle.onexit (internal/child_process.js:226:5)
15 verbose pkgid volatility-standouts@1.0.0
16 verbose cwd H:\Documents\projects\volatility-standouts
17 error Windows_NT 6.3.9600
18 error argv "C:\\Program Files\\nodejs\\node.exe" "C:\\Program Files\\nodejs\\node_modules\\npm\\bin\\npm-cli.js" "run" "dev"
19 error node v6.11.0
20 error npm  v3.10.10
21 error code ELIFECYCLE
22 error volatility-standouts@1.0.0 dev: `NODE_ENV=development node index.js`
22 error Exit status 1
23 error Failed at the volatility-standouts@1.0.0 dev script 'NODE_ENV=development node index.js'.
23 error Make sure you have the latest version of node.js and npm installed.
23 error If you do, this is most likely a problem with the volatility-standouts package,
23 error not with npm itself.
23 error Tell the author that this fails on your system:
23 error     NODE_ENV=development node index.js
23 error You can get information on how to open an issue for this project with:
23 error     npm bugs volatility-standouts
23 error Or if that isn't available, you can get their info via:
23 error     npm owner ls volatility-standouts
23 error There is likely additional logging output above.
24 verbose exit [ 1, true ]
